[ 2019-06-21T16:18:57+08:00 ] 127.0.0.1 /install.php
INFO: [ app_init ] --START--
INFO: Run Behavior\BuildLiteBehavior [ RunTime:0.000000s ]
INFO: [ app_init ] --END-- [ RunTime:0.000000s ]
INFO: [ app_begin ] --START--
INFO: Run Behavior\ReadHtmlCacheBehavior [ RunTime:0.001000s ]
INFO: [ app_begin ] --END-- [ RunTime:0.001000s ]
INFO: [ view_parse ] --START--
INFO: [ template_filter ] --START--
INFO: Run Behavior\ContentReplaceBehavior [ RunTime:0.000000s ]
INFO: [ template_filter ] --END-- [ RunTime:0.000000s ]
INFO: Run Behavior\ParseTemplateBehavior [ RunTime:0.017001s ]
INFO: [ view_parse ] --END-- [ RunTime:0.017001s ]
INFO: [ view_filter ] --START--
INFO: Run Behavior\WriteHtmlCacheBehavior [ RunTime:0.002000s ]
INFO: [ view_filter ] --END-- [ RunTime:0.002000s ]
INFO: [ app_end ] --START--
INFO: Run Behavior\ShowPageTraceBehavior [ RunTime:0.001000s ]
INFO: [ app_end ] --END-- [ RunTime:0.001000s ]

[ 2019-06-21T16:19:02+08:00 ] 127.0.0.1 /install.php/Home/Index/stepTwo.html
INFO: [ app_init ] --START--
INFO: Run Behavior\BuildLiteBehavior [ RunTime:0.000000s ]
INFO: [ app_init ] --END-- [ RunTime:0.000000s ]
INFO: [ app_begin ] --START--
INFO: Run Behavior\ReadHtmlCacheBehavior [ RunTime:0.001001s ]
INFO: [ app_begin ] --END-- [ RunTime:0.001001s ]
INFO: [ view_parse ] --START--
INFO: [ template_filter ] --START--
INFO: Run Behavior\ContentReplaceBehavior [ RunTime:0.000000s ]
INFO: [ template_filter ] --END-- [ RunTime:0.000000s ]
NOTIC: [2] Use of undefined constant siteDir - assumed 'siteDir' (this will throw an Error in a future version of PHP) D:\www\huijiintegralshop\Install\Runtime\Cache\Home\344e97fe5f49d57c8ea4d8c17b11812e.php 第 105 行.
NOTIC: [2] Use of undefined constant siteDir - assumed 'siteDir' (this will throw an Error in a future version of PHP) D:\www\huijiintegralshop\Install\Runtime\Cache\Home\344e97fe5f49d57c8ea4d8c17b11812e.php 第 105 行.
NOTIC: [2] Use of undefined constant siteDir - assumed 'siteDir' (this will throw an Error in a future version of PHP) D:\www\huijiintegralshop\Install\Runtime\Cache\Home\344e97fe5f49d57c8ea4d8c17b11812e.php 第 105 行.
NOTIC: [2] Use of undefined constant siteDir - assumed 'siteDir' (this will throw an Error in a future version of PHP) D:\www\huijiintegralshop\Install\Runtime\Cache\Home\344e97fe5f49d57c8ea4d8c17b11812e.php 第 105 行.
NOTIC: [2] Use of undefined constant siteDir - assumed 'siteDir' (this will throw an Error in a future version of PHP) D:\www\huijiintegralshop\Install\Runtime\Cache\Home\344e97fe5f49d57c8ea4d8c17b11812e.php 第 105 行.
NOTIC: [2] Use of undefined constant siteDir - assumed 'siteDir' (this will throw an Error in a future version of PHP) D:\www\huijiintegralshop\Install\Runtime\Cache\Home\344e97fe5f49d57c8ea4d8c17b11812e.php 第 105 行.
NOTIC: [2] Use of undefined constant siteDir - assumed 'siteDir' (this will throw an Error in a future version of PHP) D:\www\huijiintegralshop\Install\Runtime\Cache\Home\344e97fe5f49d57c8ea4d8c17b11812e.php 第 105 行.
NOTIC: [2] Use of undefined constant siteDir - assumed 'siteDir' (this will throw an Error in a future version of PHP) D:\www\huijiintegralshop\Install\Runtime\Cache\Home\344e97fe5f49d57c8ea4d8c17b11812e.php 第 105 行.
INFO: Run Behavior\ParseTemplateBehavior [ RunTime:0.030001s ]
INFO: [ view_parse ] --END-- [ RunTime:0.030001s ]
INFO: [ view_filter ] --START--
INFO: Run Behavior\WriteHtmlCacheBehavior [ RunTime:0.001000s ]
INFO: [ view_filter ] --END-- [ RunTime:0.001000s ]
INFO: [ app_end ] --START--
INFO: Run Behavior\ShowPageTraceBehavior [ RunTime:0.000000s ]
INFO: [ app_end ] --END-- [ RunTime:0.000000s ]

[ 2019-06-21T16:19:06+08:00 ] 127.0.0.1 /install.php/Home/Index/stepThree.html
INFO: [ app_init ] --START--
INFO: Run Behavior\BuildLiteBehavior [ RunTime:0.000000s ]
INFO: [ app_init ] --END-- [ RunTime:0.000000s ]
INFO: [ app_begin ] --START--
INFO: Run Behavior\ReadHtmlCacheBehavior [ RunTime:0.003000s ]
INFO: [ app_begin ] --END-- [ RunTime:0.003000s ]
INFO: [ view_parse ] --START--
INFO: [ template_filter ] --START--
INFO: Run Behavior\ContentReplaceBehavior [ RunTime:0.000000s ]
INFO: [ template_filter ] --END-- [ RunTime:0.000000s ]
INFO: Run Behavior\ParseTemplateBehavior [ RunTime:0.026001s ]
INFO: [ view_parse ] --END-- [ RunTime:0.026001s ]
INFO: [ view_filter ] --START--
INFO: Run Behavior\WriteHtmlCacheBehavior [ RunTime:0.000000s ]
INFO: [ view_filter ] --END-- [ RunTime:0.000000s ]
INFO: [ app_end ] --START--
INFO: Run Behavior\ShowPageTraceBehavior [ RunTime:0.001000s ]
INFO: [ app_end ] --END-- [ RunTime:0.001000s ]

[ 2019-06-21T16:19:12+08:00 ] 127.0.0.1 /install.php/Home/Index/checkLink.html
INFO: [ app_init ] --START--
INFO: Run Behavior\BuildLiteBehavior [ RunTime:0.000000s ]
INFO: [ app_init ] --END-- [ RunTime:0.000000s ]
INFO: [ app_begin ] --START--
INFO: Run Behavior\ReadHtmlCacheBehavior [ RunTime:0.001000s ]
INFO: [ app_begin ] --END-- [ RunTime:0.001000s ]

[ 2019-06-21T16:19:33+08:00 ] 127.0.0.1 /install.php/Home/Index/checkLink.html
INFO: [ app_init ] --START--
INFO: Run Behavior\BuildLiteBehavior [ RunTime:0.000000s ]
INFO: [ app_init ] --END-- [ RunTime:0.000000s ]
INFO: [ app_begin ] --START--
INFO: Run Behavior\ReadHtmlCacheBehavior [ RunTime:0.001000s ]
INFO: [ app_begin ] --END-- [ RunTime:0.001000s ]
NOTIC: [8] Undefined offset: 0 D:\www\huijiintegralshop\Install\TraitClass\Db\checkDbTrait.class.php 第 56 行.

[ 2019-06-21T16:19:33+08:00 ] 127.0.0.1 /install.php/Home/Index/stepFour.html
INFO: [ app_init ] --START--
INFO: Run Behavior\BuildLiteBehavior [ RunTime:0.000000s ]
INFO: [ app_init ] --END-- [ RunTime:0.000000s ]
INFO: [ app_begin ] --START--
INFO: Run Behavior\ReadHtmlCacheBehavior [ RunTime:0.001000s ]
INFO: [ app_begin ] --END-- [ RunTime:0.001000s ]
INFO: [ view_parse ] --START--
INFO: [ template_filter ] --START--
INFO: Run Behavior\ContentReplaceBehavior [ RunTime:0.000000s ]
INFO: [ template_filter ] --END-- [ RunTime:0.000000s ]
INFO: Run Behavior\ParseTemplateBehavior [ RunTime:0.007000s ]
INFO: [ view_parse ] --END-- [ RunTime:0.007000s ]
INFO: [ view_filter ] --START--
INFO: Run Behavior\WriteHtmlCacheBehavior [ RunTime:0.000000s ]
INFO: [ view_filter ] --END-- [ RunTime:0.000000s ]
INFO: [ app_end ] --START--
INFO: Run Behavior\ShowPageTraceBehavior [ RunTime:0.001000s ]
INFO: [ app_end ] --END-- [ RunTime:0.001000s ]

[ 2019-06-21T16:19:33+08:00 ] 127.0.0.1 /install.php/Home/Index/installDb/n/-1.html
INFO: [ app_init ] --START--
INFO: Run Behavior\BuildLiteBehavior [ RunTime:0.000000s ]
INFO: [ app_init ] --END-- [ RunTime:0.000000s ]
INFO: [ app_begin ] --START--
INFO: Run Behavior\ReadHtmlCacheBehavior [ RunTime:0.000000s ]
INFO: [ app_begin ] --END-- [ RunTime:0.000000s ]
NOTIC: [2] file(./shopsn.sql): failed to open stream: No such file or directory D:\www\huijiintegralshop\Install\Home\Controller\IndexController.class.php 第 180 行.
NOTIC: [2] Invalid argument supplied for foreach() D:\www\huijiintegralshop\Install\Home\Controller\IndexController.class.php 第 182 行.
NOTIC: [8] Undefined offset: -1 D:\www\huijiintegralshop\Install\TraitClass\Db\checkDbTrait.class.php 第 142 行.
NOTIC: [2] PDO::exec(): SQLSTATE[HY000]: General error: trying to execute an empty query D:\www\huijiintegralshop\Install\TraitClass\Db\checkDbTrait.class.php 第 165 行.

[ 2019-06-21T16:19:33+08:00 ] 127.0.0.1 /install.php/Home/Index/installDb/n/0.html
INFO: [ app_init ] --START--
INFO: Run Behavior\BuildLiteBehavior [ RunTime:0.000000s ]
INFO: [ app_init ] --END-- [ RunTime:0.000000s ]
INFO: [ app_begin ] --START--
INFO: Run Behavior\ReadHtmlCacheBehavior [ RunTime:0.000000s ]
INFO: [ app_begin ] --END-- [ RunTime:0.000000s ]
NOTIC: [2] file(./shopsn.sql): failed to open stream: No such file or directory D:\www\huijiintegralshop\Install\Home\Controller\IndexController.class.php 第 180 行.
NOTIC: [2] Invalid argument supplied for foreach() D:\www\huijiintegralshop\Install\Home\Controller\IndexController.class.php 第 182 行.
NOTIC: [2] PDO::exec(): SQLSTATE[HY000]: General error: trying to execute an empty query D:\www\huijiintegralshop\Install\TraitClass\Db\checkDbTrait.class.php 第 165 行.

[ 2019-06-21T16:19:33+08:00 ] 127.0.0.1 /install.php/Home/Index/installDb/n/1.html
INFO: [ app_init ] --START--
INFO: Run Behavior\BuildLiteBehavior [ RunTime:0.000000s ]
INFO: [ app_init ] --END-- [ RunTime:0.000000s ]
INFO: [ app_begin ] --START--
INFO: Run Behavior\ReadHtmlCacheBehavior [ RunTime:0.000000s ]
INFO: [ app_begin ] --END-- [ RunTime:0.000000s ]
NOTIC: [2] file(./shopsn.sql): failed to open stream: No such file or directory D:\www\huijiintegralshop\Install\Home\Controller\IndexController.class.php 第 180 行.
NOTIC: [2] Invalid argument supplied for foreach() D:\www\huijiintegralshop\Install\Home\Controller\IndexController.class.php 第 182 行.
NOTIC: [2] chmod(): No such file or directory D:\www\huijiintegralshop\Install\Home\Controller\IndexController.class.php 第 207 行.

[ 2019-06-21T16:19:33+08:00 ] 127.0.0.1 /install.php/Home/Index/installDb/n/999999.html
INFO: [ app_init ] --START--
INFO: Run Behavior\BuildLiteBehavior [ RunTime:0.000000s ]
INFO: [ app_init ] --END-- [ RunTime:0.000000s ]
INFO: [ app_begin ] --START--
INFO: Run Behavior\ReadHtmlCacheBehavior [ RunTime:0.001000s ]
INFO: [ app_begin ] --END-- [ RunTime:0.001000s ]
NOTIC: [2] file(./shopsn.sql): failed to open stream: No such file or directory D:\www\huijiintegralshop\Install\Home\Controller\IndexController.class.php 第 180 行.
NOTIC: [2] Invalid argument supplied for foreach() D:\www\huijiintegralshop\Install\Home\Controller\IndexController.class.php 第 182 行.

[ 2019-06-21T16:19:35+08:00 ] 127.0.0.1 /install.php/Home/Index/stepFive.html
INFO: [ app_init ] --START--
INFO: Run Behavior\BuildLiteBehavior [ RunTime:0.000000s ]
INFO: [ app_init ] --END-- [ RunTime:0.000000s ]
INFO: [ app_begin ] --START--
INFO: Run Behavior\ReadHtmlCacheBehavior [ RunTime:0.000000s ]
INFO: [ app_begin ] --END-- [ RunTime:0.000000s ]
NOTIC: [2] fopen(./Install/install.lock): failed to open stream: No such file or directory D:\www\huijiintegralshop\Install\Home\Controller\IndexController.class.php 第 222 行.
NOTIC: [2] chmod(): No such file or directory D:\www\huijiintegralshop\Install\Home\Controller\IndexController.class.php 第 223 行.
INFO: [ view_parse ] --START--
INFO: [ template_filter ] --START--
INFO: Run Behavior\ContentReplaceBehavior [ RunTime:0.000000s ]
INFO: [ template_filter ] --END-- [ RunTime:0.000000s ]
INFO: Run Behavior\ParseTemplateBehavior [ RunTime:0.008000s ]
INFO: [ view_parse ] --END-- [ RunTime:0.008000s ]
INFO: [ view_filter ] --START--
INFO: Run Behavior\WriteHtmlCacheBehavior [ RunTime:0.001000s ]
INFO: [ view_filter ] --END-- [ RunTime:0.001000s ]
INFO: [ app_end ] --START--
INFO: Run Behavior\ShowPageTraceBehavior [ RunTime:0.001000s ]
INFO: [ app_end ] --END-- [ RunTime:0.001000s ]

